2025-07-14T19:38:47.652Z [INFO] [PID:1234] System startup initiated
2025-07-14T19:38:47.653Z [INFO] [PID:1234] Loading configuration files
2025-07-14T19:38:47.653Z [INFO] [PID:1234] Initializing database connections
2025-07-14T19:38:47.653Z [INFO] [PID:1234] Starting web server on port 8080
2025-07-14T19:38:47.653Z [INFO] [PID:1234] Application ready to serve requests
2025-07-14T19:38:47.657Z [INFO] [PID:4679] Application started successfully
2025-07-14T19:38:49.658Z [DEBUG] [PID:5323] Database connection established
2025-07-14T19:38:51.659Z [INFO] [PID:2103] User authentication successful
2025-07-14T19:38:53.660Z [DEBUG] [PID:6198] Processing incoming request
2025-07-14T19:38:55.661Z [DEBUG] [PID:9315] Cache hit for key: user_123
2025-07-14T19:38:57.662Z [DEBUG] [PID:8981] Processing payment transaction
2025-07-14T19:38:59.663Z [DEBUG] [PID:7260] Email notification sent
2025-07-14T19:39:01.664Z [DEBUG] [PID:5053] File upload completed
2025-07-14T19:39:03.665Z [DEBUG] [PID:7731] Background job scheduled
2025-07-14T19:39:05.666Z [DEBUG] [PID:10432] Database query executed
2025-07-14T19:39:07.667Z [INFO] [PID:2389] API response sent successfully
2025-07-14T19:39:09.668Z [DEBUG] [PID:9160] User session created
2025-07-14T19:39:11.669Z [DEBUG] [PID:1733] Configuration updated
2025-07-14T19:39:13.669Z [DEBUG] [PID:10790] Backup process initiated
2025-07-14T19:39:15.669Z [DEBUG] [PID:1858] System health check passed
2025-07-14T19:39:17.670Z [DEBUG] [PID:6398] Memory usage: 65%
2025-07-14T19:39:19.671Z [DEBUG] [PID:6866] CPU usage: 23%
2025-07-14T19:39:21.674Z [DEBUG] [PID:9057] Network latency: 45ms
2025-07-14T19:39:23.675Z [DEBUG] [PID:2746] Request processed in 120ms
2025-07-14T19:39:25.676Z [DEBUG] [PID:6326] Cache miss for key: product_456
2025-07-14T19:39:27.677Z [WARN] [PID:9308] WARN: High memory usage detected
2025-07-14T19:39:29.678Z [ERROR] [PID:2541] ERROR: Database connection timeout
2025-07-14T19:39:31.679Z [WARN] [PID:3704] WARN: Slow query detected (2.5s)
2025-07-14T19:39:33.680Z [INFO] [PID:5444] INFO: Scheduled maintenance in 2 hours
2025-07-14T19:39:35.681Z [ERROR] [PID:1435] ERROR: Failed to process payment
2025-07-14T19:39:37.682Z [WARN] [PID:2084] WARN: Disk space running low
2025-07-14T19:39:39.683Z [INFO] [PID:1686] INFO: New user registration: john@example.com
2025-07-14T19:39:41.684Z [ERROR] [PID:9646] ERROR: Invalid API key provided
2025-07-14T19:39:43.685Z [WARN] [PID:4710] WARN: Rate limit exceeded for IP: 192.168.1.100
2025-07-14T19:39:45.686Z [INFO] [PID:8783] INFO: System updated to version 2.1.0
2025-07-14T19:39:47.686Z [INFO] [PID:9697] Application started successfully
2025-07-14T19:39:49.687Z [DEBUG] [PID:7468] Database connection established
2025-07-14T19:39:51.688Z [INFO] [PID:5203] User authentication successful
2025-07-14T19:39:53.690Z [DEBUG] [PID:9191] Processing incoming request
2025-07-14T19:39:55.691Z [DEBUG] [PID:6048] Cache hit for key: user_123
2025-07-14T19:39:57.692Z [DEBUG] [PID:1324] Processing payment transaction
2025-07-14T19:39:59.693Z [DEBUG] [PID:8193] Email notification sent
2025-07-14T19:40:01.694Z [DEBUG] [PID:10563] File upload completed
2025-07-14T19:40:03.695Z [DEBUG] [PID:8731] Background job scheduled
2025-07-14T19:40:05.696Z [DEBUG] [PID:10304] Database query executed
2025-07-14T19:40:07.697Z [INFO] [PID:8285] API response sent successfully
2025-07-14T19:40:09.697Z [DEBUG] [PID:4648] User session created
2025-07-14T19:40:11.699Z [DEBUG] [PID:6151] Configuration updated
2025-07-14T19:40:13.700Z [DEBUG] [PID:7418] Backup process initiated
2025-07-14T19:40:15.701Z [DEBUG] [PID:10854] System health check passed
2025-07-14T19:40:17.701Z [DEBUG] [PID:6355] Memory usage: 65%
2025-07-14T19:40:19.702Z [DEBUG] [PID:8434] CPU usage: 23%
2025-07-14T19:40:21.702Z [DEBUG] [PID:7938] Network latency: 45ms
2025-07-14T19:40:23.703Z [DEBUG] [PID:9708] Request processed in 120ms
2025-07-14T19:40:25.704Z [DEBUG] [PID:4438] Cache miss for key: product_456
2025-07-14T19:40:27.704Z [WARN] [PID:1227] WARN: High memory usage detected
2025-07-14T19:40:29.706Z [ERROR] [PID:1244] ERROR: Database connection timeout
2025-07-14T19:40:31.707Z [WARN] [PID:5554] WARN: Slow query detected (2.5s)
2025-07-14T19:40:33.708Z [INFO] [PID:4648] INFO: Scheduled maintenance in 2 hours
2025-07-14T19:40:35.708Z [ERROR] [PID:4592] ERROR: Failed to process payment
2025-07-14T19:40:37.710Z [WARN] [PID:4467] WARN: Disk space running low
2025-07-14T19:40:39.711Z [INFO] [PID:1273] INFO: New user registration: john@example.com
2025-07-14T19:40:41.712Z [ERROR] [PID:4080] ERROR: Invalid API key provided
2025-07-14T19:40:43.713Z [WARN] [PID:10797] WARN: Rate limit exceeded for IP: 192.168.1.100
2025-07-14T19:40:45.714Z [INFO] [PID:10451] INFO: System updated to version 2.1.0
2025-07-14T19:40:47.715Z [INFO] [PID:3085] Application started successfully
2025-07-14T19:40:49.716Z [DEBUG] [PID:7727] Database connection established
2025-07-14T19:40:51.717Z [INFO] [PID:1309] User authentication successful
2025-07-14T19:40:53.718Z [DEBUG] [PID:2952] Processing incoming request
2025-07-14T19:40:55.719Z [DEBUG] [PID:2825] Cache hit for key: user_123
2025-07-14T19:40:57.720Z [DEBUG] [PID:2397] Processing payment transaction
2025-07-14T19:40:59.722Z [DEBUG] [PID:1559] Email notification sent
2025-07-14T19:41:01.722Z [DEBUG] [PID:4604] File upload completed
2025-07-14T19:41:03.723Z [DEBUG] [PID:9617] Background job scheduled
2025-07-14T19:41:05.724Z [DEBUG] [PID:1584] Database query executed
2025-07-14T19:41:07.725Z [INFO] [PID:2321] API response sent successfully
2025-07-14T19:41:09.726Z [DEBUG] [PID:4513] User session created
2025-07-14T19:41:11.727Z [DEBUG] [PID:4612] Configuration updated
2025-07-14T19:41:13.728Z [DEBUG] [PID:1110] Backup process initiated
2025-07-14T19:41:15.729Z [DEBUG] [PID:1932] System health check passed
2025-07-14T19:41:17.730Z [DEBUG] [PID:1273] Memory usage: 65%
2025-07-14T19:41:19.731Z [DEBUG] [PID:1472] CPU usage: 23%
2025-07-14T19:41:21.732Z [DEBUG] [PID:7712] Network latency: 45ms
2025-07-14T19:41:23.733Z [DEBUG] [PID:6023] Request processed in 120ms
2025-07-14T19:41:25.734Z [DEBUG] [PID:8623] Cache miss for key: product_456
2025-07-14T19:41:27.736Z [WARN] [PID:5060] WARN: High memory usage detected
2025-07-14T19:41:29.737Z [ERROR] [PID:3660] ERROR: Database connection timeout
2025-07-14T19:41:31.739Z [WARN] [PID:5394] WARN: Slow query detected (2.5s)
2025-07-14T19:41:33.740Z [INFO] [PID:7948] INFO: Scheduled maintenance in 2 hours
2025-07-14T19:41:35.741Z [ERROR] [PID:8671] ERROR: Failed to process payment
2025-07-14T19:41:37.742Z [WARN] [PID:1929] WARN: Disk space running low
2025-07-14T19:41:39.743Z [INFO] [PID:1739] INFO: New user registration: john@example.com
2025-07-14T19:41:41.745Z [ERROR] [PID:10826] ERROR: Invalid API key provided
2025-07-14T19:41:43.746Z [WARN] [PID:7201] WARN: Rate limit exceeded for IP: 192.168.1.100
2025-07-14T19:41:45.747Z [INFO] [PID:5094] INFO: System updated to version 2.1.0
2025-07-14T19:41:47.748Z [INFO] [PID:2507] Application started successfully
2025-07-14T19:41:49.749Z [DEBUG] [PID:7840] Database connection established
2025-07-14T19:41:51.750Z [INFO] [PID:10415] User authentication successful
2025-07-14T19:41:53.751Z [DEBUG] [PID:3167] Processing incoming request
2025-07-14T19:41:55.752Z [DEBUG] [PID:8899] Cache hit for key: user_123
2025-07-14T19:41:57.754Z [DEBUG] [PID:9195] Processing payment transaction
2025-07-14T19:41:59.755Z [DEBUG] [PID:9128] Email notification sent
2025-07-14T19:42:01.757Z [DEBUG] [PID:2754] File upload completed
2025-07-14T19:42:03.758Z [DEBUG] [PID:10914] Background job scheduled
2025-07-14T19:42:05.759Z [DEBUG] [PID:5656] Database query executed
2025-07-14T19:42:07.760Z [INFO] [PID:2880] API response sent successfully
2025-07-14T19:42:09.762Z [DEBUG] [PID:4859] User session created
2025-07-14T19:42:11.762Z [DEBUG] [PID:6349] Configuration updated
2025-07-14T19:42:13.763Z [DEBUG] [PID:6738] Backup process initiated
2025-07-14T19:42:15.764Z [DEBUG] [PID:7861] System health check passed
2025-07-14T19:42:17.765Z [DEBUG] [PID:9388] Memory usage: 65%
2025-07-14T19:42:19.766Z [DEBUG] [PID:6744] CPU usage: 23%
2025-07-14T19:42:21.767Z [DEBUG] [PID:5061] Network latency: 45ms
2025-07-14T19:42:23.768Z [DEBUG] [PID:10294] Request processed in 120ms
2025-07-14T19:42:25.769Z [DEBUG] [PID:6970] Cache miss for key: product_456
2025-07-14T19:42:27.770Z [WARN] [PID:5959] WARN: High memory usage detected
2025-07-14T19:42:29.771Z [ERROR] [PID:1035] ERROR: Database connection timeout
2025-07-14T19:42:31.772Z [WARN] [PID:10116] WARN: Slow query detected (2.5s)
2025-07-14T19:42:33.772Z [INFO] [PID:5357] INFO: Scheduled maintenance in 2 hours
2025-07-14T19:42:35.773Z [ERROR] [PID:7494] ERROR: Failed to process payment
2025-07-14T19:42:37.775Z [WARN] [PID:3155] WARN: Disk space running low
2025-07-14T19:42:39.776Z [INFO] [PID:10582] INFO: New user registration: john@example.com
2025-07-14T19:42:41.777Z [ERROR] [PID:8120] ERROR: Invalid API key provided
2025-07-14T19:42:43.777Z [WARN] [PID:5674] WARN: Rate limit exceeded for IP: 192.168.1.100
2025-07-14T19:42:45.778Z [INFO] [PID:8053] INFO: System updated to version 2.1.0
2025-07-14T19:42:47.779Z [INFO] [PID:1896] Application started successfully
2025-07-14T19:42:49.780Z [DEBUG] [PID:6658] Database connection established
2025-07-14T19:42:51.781Z [INFO] [PID:7477] User authentication successful
2025-07-14T19:42:53.781Z [DEBUG] [PID:7719] Processing incoming request
2025-07-14T19:42:55.783Z [DEBUG] [PID:10451] Cache hit for key: user_123
2025-07-14T19:42:57.783Z [DEBUG] [PID:2240] Processing payment transaction
2025-07-14T19:42:59.785Z [DEBUG] [PID:1139] Email notification sent
2025-07-14T19:43:01.786Z [DEBUG] [PID:1347] File upload completed
2025-07-14T19:43:03.788Z [DEBUG] [PID:9953] Background job scheduled
2025-07-14T19:43:05.788Z [DEBUG] [PID:4295] Database query executed
2025-07-14T19:43:07.790Z [INFO] [PID:3702] API response sent successfully
2025-07-14T19:43:09.792Z [DEBUG] [PID:3196] User session created
2025-07-14T19:43:11.793Z [DEBUG] [PID:10353] Configuration updated
2025-07-14T19:43:13.794Z [DEBUG] [PID:8318] Backup process initiated
2025-07-14T19:43:15.795Z [DEBUG] [PID:9055] System health check passed
2025-07-14T19:43:17.796Z [DEBUG] [PID:6855] Memory usage: 65%
2025-07-14T19:43:19.797Z [DEBUG] [PID:5956] CPU usage: 23%
2025-07-14T19:43:21.797Z [DEBUG] [PID:6400] Network latency: 45ms
2025-07-14T19:43:23.799Z [DEBUG] [PID:5126] Request processed in 120ms
2025-07-14T19:43:25.799Z [DEBUG] [PID:6433] Cache miss for key: product_456
2025-07-14T19:43:27.801Z [WARN] [PID:5530] WARN: High memory usage detected
2025-07-14T19:43:29.802Z [ERROR] [PID:9118] ERROR: Database connection timeout
2025-07-14T19:43:31.803Z [WARN] [PID:7011] WARN: Slow query detected (2.5s)
2025-07-14T19:43:33.804Z [INFO] [PID:8859] INFO: Scheduled maintenance in 2 hours
2025-07-14T19:43:35.805Z [ERROR] [PID:6555] ERROR: Failed to process payment
2025-07-14T19:43:37.806Z [WARN] [PID:5013] WARN: Disk space running low
2025-07-14T19:43:39.808Z [INFO] [PID:8288] INFO: New user registration: john@example.com
2025-07-14T19:43:41.809Z [ERROR] [PID:7222] ERROR: Invalid API key provided
2025-07-14T19:43:43.810Z [WARN] [PID:3059] WARN: Rate limit exceeded for IP: 192.168.1.100
2025-07-14T19:43:45.811Z [INFO] [PID:6795] INFO: System updated to version 2.1.0
2025-07-14T19:43:47.813Z [INFO] [PID:2402] Application started successfully
2025-07-14T19:43:49.814Z [DEBUG] [PID:5440] Database connection established
2025-07-14T19:43:51.815Z [INFO] [PID:10270] User authentication successful
2025-07-14T19:43:53.817Z [DEBUG] [PID:3230] Processing incoming request
2025-07-14T19:43:55.818Z [DEBUG] [PID:4792] Cache hit for key: user_123
2025-07-14T19:43:57.819Z [DEBUG] [PID:5171] Processing payment transaction
2025-07-14T19:43:59.820Z [DEBUG] [PID:5751] Email notification sent
2025-07-14T19:44:01.821Z [DEBUG] [PID:9387] File upload completed
2025-07-14T19:44:03.823Z [DEBUG] [PID:2903] Background job scheduled
2025-07-14T19:44:05.823Z [DEBUG] [PID:3581] Database query executed
2025-07-14T19:44:07.825Z [INFO] [PID:6356] API response sent successfully
2025-07-14T19:44:09.826Z [DEBUG] [PID:7798] User session created
2025-07-14T19:44:11.827Z [DEBUG] [PID:4996] Configuration updated
2025-07-14T19:44:13.829Z [DEBUG] [PID:9947] Backup process initiated
2025-07-14T19:44:15.829Z [DEBUG] [PID:5735] System health check passed
2025-07-14T19:44:17.831Z [DEBUG] [PID:7141] Memory usage: 65%
2025-07-14T19:44:19.832Z [DEBUG] [PID:3315] CPU usage: 23%
2025-07-14T19:44:21.833Z [DEBUG] [PID:1948] Network latency: 45ms
2025-07-14T19:44:23.833Z [DEBUG] [PID:6865] Request processed in 120ms
2025-07-14T19:44:25.834Z [DEBUG] [PID:7945] Cache miss for key: product_456
2025-07-14T19:44:27.835Z [WARN] [PID:3620] WARN: High memory usage detected
2025-07-14T19:44:29.836Z [ERROR] [PID:10354] ERROR: Database connection timeout
2025-07-14T19:44:31.836Z [WARN] [PID:2277] WARN: Slow query detected (2.5s)
2025-07-14T19:44:33.838Z [INFO] [PID:2592] INFO: Scheduled maintenance in 2 hours
2025-07-14T19:44:35.838Z [ERROR] [PID:8661] ERROR: Failed to process payment
2025-07-14T19:44:37.839Z [WARN] [PID:6619] WARN: Disk space running low
2025-07-14T19:44:39.840Z [INFO] [PID:10167] INFO: New user registration: john@example.com
2025-07-14T19:44:41.842Z [ERROR] [PID:6451] ERROR: Invalid API key provided
2025-07-14T19:44:43.844Z [WARN] [PID:2562] WARN: Rate limit exceeded for IP: 192.168.1.100
2025-07-14T19:44:45.845Z [INFO] [PID:7499] INFO: System updated to version 2.1.0
2025-07-14T19:44:47.846Z [INFO] [PID:2122] Application started successfully
2025-07-14T19:44:49.847Z [DEBUG] [PID:9947] Database connection established
2025-07-14T19:44:51.848Z [INFO] [PID:8248] User authentication successful
2025-07-14T19:44:53.849Z [DEBUG] [PID:2014] Processing incoming request
2025-07-14T19:44:55.849Z [DEBUG] [PID:2220] Cache hit for key: user_123
2025-07-14T19:44:57.850Z [DEBUG] [PID:7075] Processing payment transaction
2025-07-14T19:44:59.852Z [DEBUG] [PID:8575] Email notification sent
2025-07-14T19:45:01.852Z [DEBUG] [PID:8031] File upload completed
2025-07-14T19:45:03.854Z [DEBUG] [PID:1958] Background job scheduled
2025-07-14T19:45:05.855Z [DEBUG] [PID:8257] Database query executed
2025-07-14T19:45:07.856Z [INFO] [PID:1097] API response sent successfully
2025-07-14T19:45:09.857Z [DEBUG] [PID:3259] User session created
2025-07-14T19:45:11.858Z [DEBUG] [PID:3891] Configuration updated
2025-07-14T19:45:13.858Z [DEBUG] [PID:8911] Backup process initiated
2025-07-14T19:45:15.860Z [DEBUG] [PID:9340] System health check passed
2025-07-14T19:45:17.860Z [DEBUG] [PID:4410] Memory usage: 65%
2025-07-14T19:45:19.862Z [DEBUG] [PID:5781] CPU usage: 23%
2025-07-14T19:45:21.862Z [DEBUG] [PID:9657] Network latency: 45ms
2025-07-14T19:45:23.864Z [DEBUG] [PID:2946] Request processed in 120ms
2025-07-14T19:45:25.865Z [DEBUG] [PID:7800] Cache miss for key: product_456
2025-07-14T19:45:27.867Z [WARN] [PID:4297] WARN: High memory usage detected
2025-07-14T19:45:29.867Z [ERROR] [PID:6523] ERROR: Database connection timeout
2025-07-14T19:45:31.867Z [WARN] [PID:10070] WARN: Slow query detected (2.5s)
2025-07-14T19:45:33.868Z [INFO] [PID:5801] INFO: Scheduled maintenance in 2 hours
2025-07-14T19:45:35.870Z [ERROR] [PID:5157] ERROR: Failed to process payment
2025-07-14T19:45:37.871Z [WARN] [PID:10215] WARN: Disk space running low
2025-07-14T19:45:39.872Z [INFO] [PID:8311] INFO: New user registration: john@example.com
2025-07-14T19:45:41.872Z [ERROR] [PID:9608] ERROR: Invalid API key provided
2025-07-14T19:45:43.874Z [WARN] [PID:4141] WARN: Rate limit exceeded for IP: 192.168.1.100
2025-07-14T19:45:45.874Z [INFO] [PID:5315] INFO: System updated to version 2.1.0
2025-07-14T19:45:47.876Z [INFO] [PID:10087] Application started successfully
2025-07-14T19:45:49.876Z [DEBUG] [PID:10271] Database connection established
2025-07-14T19:45:51.878Z [INFO] [PID:8298] User authentication successful
2025-07-14T19:45:53.879Z [DEBUG] [PID:7443] Processing incoming request
2025-07-14T19:45:55.881Z [DEBUG] [PID:5422] Cache hit for key: user_123
2025-07-14T19:45:57.881Z [DEBUG] [PID:1609] Processing payment transaction
2025-07-14T19:45:59.883Z [DEBUG] [PID:1133] Email notification sent
2025-07-14T19:46:01.883Z [DEBUG] [PID:1195] File upload completed
2025-07-14T19:46:03.884Z [DEBUG] [PID:4763] Background job scheduled
2025-07-14T19:46:05.884Z [DEBUG] [PID:2703] Database query executed
2025-07-14T19:46:07.885Z [INFO] [PID:8074] API response sent successfully
2025-07-14T19:46:09.887Z [DEBUG] [PID:6968] User session created
2025-07-14T19:46:11.888Z [DEBUG] [PID:10767] Configuration updated
2025-07-14T19:46:13.889Z [DEBUG] [PID:9422] Backup process initiated
2025-07-14T19:46:15.891Z [DEBUG] [PID:4596] System health check passed
2025-07-14T19:46:17.892Z [DEBUG] [PID:5882] Memory usage: 65%
2025-07-14T19:46:19.892Z [DEBUG] [PID:4702] CPU usage: 23%
2025-07-14T19:46:21.893Z [DEBUG] [PID:5179] Network latency: 45ms
2025-07-14T19:46:23.895Z [DEBUG] [PID:6014] Request processed in 120ms
2025-07-14T19:46:25.896Z [DEBUG] [PID:6072] Cache miss for key: product_456
2025-07-14T19:46:27.898Z [WARN] [PID:5911] WARN: High memory usage detected
2025-07-14T19:46:29.898Z [ERROR] [PID:8046] ERROR: Database connection timeout
2025-07-14T19:46:31.900Z [WARN] [PID:5908] WARN: Slow query detected (2.5s)
2025-07-14T19:46:33.899Z [INFO] [PID:2497] INFO: Scheduled maintenance in 2 hours
2025-07-14T19:46:35.901Z [ERROR] [PID:5490] ERROR: Failed to process payment
2025-07-14T19:46:37.902Z [WARN] [PID:1532] WARN: Disk space running low
2025-07-14T19:46:39.903Z [INFO] [PID:7050] INFO: New user registration: john@example.com
2025-07-14T19:46:41.904Z [ERROR] [PID:5010] ERROR: Invalid API key provided
2025-07-14T19:46:43.905Z [WARN] [PID:3779] WARN: Rate limit exceeded for IP: 192.168.1.100
2025-07-14T19:46:45.906Z [INFO] [PID:7418] INFO: System updated to version 2.1.0
2025-07-14T19:46:47.907Z [INFO] [PID:2489] Application started successfully
2025-07-14T19:46:49.907Z [DEBUG] [PID:9454] Database connection established
2025-07-14T19:46:51.909Z [INFO] [PID:10164] User authentication successful
2025-07-14T19:46:53.909Z [DEBUG] [PID:3601] Processing incoming request
2025-07-14T19:46:55.911Z [DEBUG] [PID:6893] Cache hit for key: user_123
2025-07-14T19:46:57.912Z [DEBUG] [PID:2132] Processing payment transaction
2025-07-14T19:46:59.914Z [DEBUG] [PID:10217] Email notification sent
2025-07-14T19:47:01.915Z [DEBUG] [PID:7768] File upload completed
2025-07-14T19:47:03.917Z [DEBUG] [PID:3852] Background job scheduled
2025-07-14T19:47:05.917Z [DEBUG] [PID:8277] Database query executed
2025-07-14T19:47:07.918Z [INFO] [PID:8463] API response sent successfully
2025-07-14T19:47:09.920Z [DEBUG] [PID:10266] User session created
2025-07-14T19:47:11.922Z [DEBUG] [PID:10969] Configuration updated
2025-07-14T19:47:13.923Z [DEBUG] [PID:6387] Backup process initiated
2025-07-14T19:47:15.924Z [DEBUG] [PID:5609] System health check passed
2025-07-14T19:47:17.925Z [DEBUG] [PID:9369] Memory usage: 65%
2025-07-14T19:47:19.927Z [DEBUG] [PID:9709] CPU usage: 23%
2025-07-14T19:47:21.928Z [DEBUG] [PID:4805] Network latency: 45ms
2025-07-14T19:47:23.929Z [DEBUG] [PID:2298] Request processed in 120ms
2025-07-14T19:47:25.930Z [DEBUG] [PID:6471] Cache miss for key: product_456
2025-07-14T19:47:27.931Z [WARN] [PID:5004] WARN: High memory usage detected
2025-07-14T19:47:29.933Z [ERROR] [PID:7952] ERROR: Database connection timeout
2025-07-14T19:47:31.933Z [WARN] [PID:1689] WARN: Slow query detected (2.5s)
2025-07-14T19:47:33.934Z [INFO] [PID:4114] INFO: Scheduled maintenance in 2 hours
2025-07-14T19:47:35.936Z [ERROR] [PID:6120] ERROR: Failed to process payment
2025-07-14T19:47:37.937Z [WARN] [PID:7749] WARN: Disk space running low
2025-07-14T19:47:39.938Z [INFO] [PID:1561] INFO: New user registration: john@example.com
2025-07-14T19:47:41.938Z [ERROR] [PID:2074] ERROR: Invalid API key provided
2025-07-14T19:47:43.940Z [WARN] [PID:5008] WARN: Rate limit exceeded for IP: 192.168.1.100
2025-07-14T19:47:45.941Z [INFO] [PID:9849] INFO: System updated to version 2.1.0
2025-07-14T19:47:47.941Z [INFO] [PID:8322] Application started successfully
2025-07-14T19:47:49.943Z [DEBUG] [PID:10432] Database connection established
2025-07-14T19:47:51.943Z [INFO] [PID:6745] User authentication successful
2025-07-14T19:47:53.945Z [DEBUG] [PID:4484] Processing incoming request
2025-07-14T19:47:55.946Z [DEBUG] [PID:8833] Cache hit for key: user_123
2025-07-14T19:47:57.948Z [DEBUG] [PID:8632] Processing payment transaction
2025-07-14T19:47:59.949Z [DEBUG] [PID:4582] Email notification sent
2025-07-14T19:48:01.950Z [DEBUG] [PID:10556] File upload completed
2025-07-14T19:48:03.950Z [DEBUG] [PID:5817] Background job scheduled
2025-07-14T19:48:05.952Z [DEBUG] [PID:7623] Database query executed
2025-07-14T19:48:07.952Z [INFO] [PID:6279] API response sent successfully
2025-07-14T19:48:09.953Z [DEBUG] [PID:1610] User session created
2025-07-14T19:48:11.955Z [DEBUG] [PID:8486] Configuration updated
2025-07-14T19:48:13.957Z [DEBUG] [PID:8642] Backup process initiated
2025-07-14T19:48:15.957Z [DEBUG] [PID:2264] System health check passed
2025-07-14T19:48:17.959Z [DEBUG] [PID:8648] Memory usage: 65%
2025-07-14T19:48:19.960Z [DEBUG] [PID:5507] CPU usage: 23%
2025-07-14T19:48:21.961Z [DEBUG] [PID:1724] Network latency: 45ms
2025-07-14T19:48:23.962Z [DEBUG] [PID:6747] Request processed in 120ms
2025-07-14T19:48:25.962Z [DEBUG] [PID:7291] Cache miss for key: product_456
2025-07-14T19:48:27.964Z [WARN] [PID:1225] WARN: High memory usage detected
2025-07-14T19:48:29.964Z [ERROR] [PID:1370] ERROR: Database connection timeout
2025-07-14T19:48:31.965Z [WARN] [PID:3897] WARN: Slow query detected (2.5s)
2025-07-14T19:48:33.967Z [INFO] [PID:10662] INFO: Scheduled maintenance in 2 hours
2025-07-14T19:48:35.968Z [ERROR] [PID:7287] ERROR: Failed to process payment
2025-07-14T19:48:37.970Z [WARN] [PID:5216] WARN: Disk space running low
2025-07-14T19:48:39.970Z [INFO] [PID:1084] INFO: New user registration: john@example.com
2025-07-14T19:48:41.972Z [ERROR] [PID:4039] ERROR: Invalid API key provided
2025-07-14T19:48:43.972Z [WARN] [PID:7420] WARN: Rate limit exceeded for IP: 192.168.1.100
2025-07-14T19:48:45.974Z [INFO] [PID:10574] INFO: System updated to version 2.1.0
2025-07-14T19:48:47.974Z [INFO] [PID:3573] Application started successfully
2025-07-14T19:48:49.975Z [DEBUG] [PID:3145] Database connection established
2025-07-14T19:48:51.976Z [INFO] [PID:7669] User authentication successful
2025-07-14T19:48:53.978Z [DEBUG] [PID:10733] Processing incoming request
2025-07-14T19:48:55.979Z [DEBUG] [PID:6312] Cache hit for key: user_123
2025-07-14T19:48:57.980Z [DEBUG] [PID:1020] Processing payment transaction
2025-07-14T19:48:59.980Z [DEBUG] [PID:8739] Email notification sent
2025-07-14T19:49:01.981Z [DEBUG] [PID:4264] File upload completed
2025-07-14T19:49:03.982Z [DEBUG] [PID:5056] Background job scheduled
2025-07-14T19:49:05.983Z [DEBUG] [PID:5587] Database query executed
2025-07-14T19:49:07.983Z [INFO] [PID:9516] API response sent successfully
2025-07-14T19:49:09.984Z [DEBUG] [PID:5847] User session created
2025-07-14T19:49:11.986Z [DEBUG] [PID:5381] Configuration updated
2025-07-14T19:49:13.986Z [DEBUG] [PID:7272] Backup process initiated
2025-07-14T19:49:15.987Z [DEBUG] [PID:2484] System health check passed
2025-07-14T19:49:17.988Z [DEBUG] [PID:5069] Memory usage: 65%
2025-07-14T19:49:19.989Z [DEBUG] [PID:10119] CPU usage: 23%
2025-07-14T19:49:21.991Z [DEBUG] [PID:4759] Network latency: 45ms
2025-07-14T19:49:23.992Z [DEBUG] [PID:8492] Request processed in 120ms
2025-07-14T19:49:25.994Z [DEBUG] [PID:9033] Cache miss for key: product_456
2025-07-14T19:49:27.994Z [WARN] [PID:1358] WARN: High memory usage detected
2025-07-14T19:49:29.996Z [ERROR] [PID:8619] ERROR: Database connection timeout
2025-07-14T19:49:31.997Z [WARN] [PID:8227] WARN: Slow query detected (2.5s)
2025-07-14T19:49:33.998Z [INFO] [PID:8854] INFO: Scheduled maintenance in 2 hours
2025-07-14T19:49:36.000Z [ERROR] [PID:7442] ERROR: Failed to process payment
2025-07-14T19:49:38.002Z [WARN] [PID:10043] WARN: Disk space running low
2025-07-14T19:49:40.003Z [INFO] [PID:4473] INFO: New user registration: john@example.com
2025-07-14T19:49:42.005Z [ERROR] [PID:2652] ERROR: Invalid API key provided
2025-07-14T19:49:44.007Z [WARN] [PID:4190] WARN: Rate limit exceeded for IP: 192.168.1.100
2025-07-14T19:49:46.008Z [INFO] [PID:5343] INFO: System updated to version 2.1.0
2025-07-14T19:49:48.010Z [INFO] [PID:9110] Application started successfully
2025-07-14T19:49:50.012Z [DEBUG] [PID:5932] Database connection established
2025-07-14T19:49:52.012Z [INFO] [PID:3033] User authentication successful
2025-07-14T19:49:54.014Z [DEBUG] [PID:3578] Processing incoming request
2025-07-14T19:49:56.015Z [DEBUG] [PID:3175] Cache hit for key: user_123
2025-07-14T19:49:58.017Z [DEBUG] [PID:6870] Processing payment transaction
2025-07-14T19:50:00.018Z [DEBUG] [PID:2033] Email notification sent
2025-07-14T19:50:02.019Z [DEBUG] [PID:2654] File upload completed
2025-07-14T19:50:04.020Z [DEBUG] [PID:3003] Background job scheduled
2025-07-14T19:50:06.021Z [DEBUG] [PID:7486] Database query executed
2025-07-14T19:50:08.023Z [INFO] [PID:5588] API response sent successfully
2025-07-14T19:50:10.024Z [DEBUG] [PID:6341] User session created
2025-07-14T19:50:12.025Z [DEBUG] [PID:1959] Configuration updated
2025-07-14T19:50:14.026Z [DEBUG] [PID:7960] Backup process initiated
2025-07-14T19:50:16.028Z [DEBUG] [PID:6296] System health check passed
2025-07-14T19:50:18.029Z [DEBUG] [PID:9221] Memory usage: 65%
2025-07-14T19:50:20.030Z [DEBUG] [PID:5911] CPU usage: 23%
2025-07-14T19:50:22.031Z [DEBUG] [PID:3080] Network latency: 45ms
2025-07-14T19:50:24.033Z [DEBUG] [PID:5141] Request processed in 120ms
2025-07-14T19:50:26.034Z [DEBUG] [PID:5678] Cache miss for key: product_456
2025-07-14T19:50:28.035Z [WARN] [PID:3999] WARN: High memory usage detected
2025-07-14T19:50:30.037Z [ERROR] [PID:10827] ERROR: Database connection timeout
2025-07-14T19:50:32.038Z [WARN] [PID:9914] WARN: Slow query detected (2.5s)
2025-07-14T19:50:34.040Z [INFO] [PID:3016] INFO: Scheduled maintenance in 2 hours
2025-07-14T19:50:36.040Z [ERROR] [PID:6780] ERROR: Failed to process payment
2025-07-14T19:50:38.042Z [WARN] [PID:4636] WARN: Disk space running low
2025-07-14T19:50:40.042Z [INFO] [PID:3395] INFO: New user registration: john@example.com
2025-07-14T19:50:42.044Z [ERROR] [PID:3597] ERROR: Invalid API key provided
2025-07-14T19:50:44.044Z [WARN] [PID:4642] WARN: Rate limit exceeded for IP: 192.168.1.100
2025-07-14T19:50:46.046Z [INFO] [PID:8303] INFO: System updated to version 2.1.0
2025-07-14T19:50:48.047Z [INFO] [PID:1775] Application started successfully
2025-07-14T19:50:50.048Z [DEBUG] [PID:5346] Database connection established
2025-07-14T19:50:52.050Z [INFO] [PID:10594] User authentication successful
2025-07-14T19:50:54.050Z [DEBUG] [PID:9855] Processing incoming request
2025-07-14T19:50:56.052Z [DEBUG] [PID:2037] Cache hit for key: user_123
2025-07-14T19:50:58.052Z [DEBUG] [PID:1114] Processing payment transaction
2025-07-14T19:51:00.054Z [DEBUG] [PID:4925] Email notification sent
2025-07-14T19:51:02.055Z [DEBUG] [PID:3680] File upload completed
2025-07-14T19:51:04.057Z [DEBUG] [PID:5143] Background job scheduled
2025-07-14T19:51:06.059Z [DEBUG] [PID:1462] Database query executed
2025-07-14T19:51:08.060Z [INFO] [PID:3495] API response sent successfully
2025-07-14T19:53:29.267Z [DEBUG] [PID:8732] User session created
2025-07-14T19:53:31.267Z [DEBUG] [PID:5778] Configuration updated
2025-07-14T19:53:33.269Z [DEBUG] [PID:9251] Backup process initiated
2025-07-14T19:53:35.269Z [DEBUG] [PID:8644] System health check passed
2025-07-14T19:53:37.270Z [DEBUG] [PID:3791] Memory usage: 65%
2025-07-14T19:53:39.272Z [DEBUG] [PID:5997] CPU usage: 23%
2025-07-14T19:53:41.273Z [DEBUG] [PID:8351] Network latency: 45ms
2025-07-14T19:53:43.275Z [DEBUG] [PID:10241] Request processed in 120ms
2025-07-14T19:53:45.276Z [DEBUG] [PID:5959] Cache miss for key: product_456
2025-07-14T19:53:47.278Z [WARN] [PID:8639] WARN: High memory usage detected
2025-07-14T19:53:49.279Z [ERROR] [PID:2249] ERROR: Database connection timeout
2025-07-14T19:53:51.280Z [WARN] [PID:5708] WARN: Slow query detected (2.5s)
2025-07-14T19:53:53.281Z [INFO] [PID:8040] INFO: Scheduled maintenance in 2 hours
2025-07-14T19:53:55.283Z [ERROR] [PID:6992] ERROR: Failed to process payment
2025-07-14T19:53:57.283Z [WARN] [PID:4466] WARN: Disk space running low
2025-07-14T19:53:59.283Z [INFO] [PID:3498] INFO: New user registration: john@example.com
2025-07-14T19:54:01.285Z [ERROR] [PID:3897] ERROR: Invalid API key provided
2025-07-14T19:54:03.285Z [WARN] [PID:9047] WARN: Rate limit exceeded for IP: 192.168.1.100
2025-07-14T19:54:05.286Z [INFO] [PID:2799] INFO: System updated to version 2.1.0
2025-07-14T19:54:07.288Z [INFO] [PID:9204] Application started successfully
2025-07-14T19:54:09.288Z [DEBUG] [PID:1512] Database connection established
2025-07-14T19:54:11.290Z [INFO] [PID:8276] User authentication successful
2025-07-14T19:54:13.289Z [DEBUG] [PID:5469] Processing incoming request
2025-07-14T19:54:15.290Z [DEBUG] [PID:8975] Cache hit for key: user_123
2025-07-14T19:54:17.292Z [DEBUG] [PID:10695] Processing payment transaction
2025-07-14T19:54:19.292Z [DEBUG] [PID:1569] Email notification sent
2025-07-14T19:54:21.294Z [DEBUG] [PID:8110] File upload completed
2025-07-14T19:54:23.296Z [DEBUG] [PID:9975] Background job scheduled
2025-07-14T19:54:25.297Z [DEBUG] [PID:5130] Database query executed
2025-07-14T19:54:27.298Z [INFO] [PID:4144] API response sent successfully
2025-07-14T19:54:29.299Z [DEBUG] [PID:1462] User session created
2025-07-14T19:54:31.300Z [DEBUG] [PID:5794] Configuration updated
2025-07-14T19:54:33.300Z [DEBUG] [PID:6375] Backup process initiated
2025-07-14T19:54:35.302Z [DEBUG] [PID:8080] System health check passed
2025-07-14T19:54:37.303Z [DEBUG] [PID:10081] Memory usage: 65%
2025-07-14T19:54:39.304Z [DEBUG] [PID:2100] CPU usage: 23%
2025-07-14T19:54:41.305Z [DEBUG] [PID:1119] Network latency: 45ms
2025-07-14T19:54:43.306Z [DEBUG] [PID:1340] Request processed in 120ms
2025-07-14T19:54:45.307Z [DEBUG] [PID:2553] Cache miss for key: product_456
2025-07-14T19:54:47.309Z [WARN] [PID:10139] WARN: High memory usage detected
2025-07-14T19:54:49.310Z [ERROR] [PID:6301] ERROR: Database connection timeout
2025-07-14T19:54:51.312Z [WARN] [PID:2264] WARN: Slow query detected (2.5s)
2025-07-14T19:54:53.312Z [INFO] [PID:9572] INFO: Scheduled maintenance in 2 hours
2025-07-14T19:54:55.314Z [ERROR] [PID:7166] ERROR: Failed to process payment
2025-07-14T19:54:57.315Z [WARN] [PID:1826] WARN: Disk space running low
2025-07-14T19:54:59.317Z [INFO] [PID:3791] INFO: New user registration: john@example.com
2025-07-14T19:55:01.318Z [ERROR] [PID:7166] ERROR: Invalid API key provided
2025-07-14T19:55:03.320Z [WARN] [PID:2244] WARN: Rate limit exceeded for IP: 192.168.1.100
2025-07-14T19:55:05.321Z [INFO] [PID:6673] INFO: System updated to version 2.1.0
2025-07-14T19:55:07.323Z [INFO] [PID:1196] Application started successfully
2025-07-14T19:55:09.324Z [DEBUG] [PID:3656] Database connection established
2025-07-14T19:55:11.325Z [INFO] [PID:7640] User authentication successful
2025-07-14T19:55:13.326Z [DEBUG] [PID:6534] Processing incoming request
2025-07-14T19:55:15.327Z [DEBUG] [PID:1910] Cache hit for key: user_123
2025-07-14T19:55:17.328Z [DEBUG] [PID:10532] Processing payment transaction
2025-07-14T19:55:19.328Z [DEBUG] [PID:7186] Email notification sent
2025-07-14T19:55:21.330Z [DEBUG] [PID:9920] File upload completed
2025-07-14T19:55:23.330Z [DEBUG] [PID:7364] Background job scheduled
2025-07-14T19:55:25.332Z [DEBUG] [PID:2312] Database query executed
2025-07-14T19:55:27.333Z [INFO] [PID:6387] API response sent successfully
2025-07-14T19:55:29.335Z [DEBUG] [PID:7473] User session created
2025-07-14T19:55:31.336Z [DEBUG] [PID:3328] Configuration updated
2025-07-14T19:55:33.337Z [DEBUG] [PID:2603] Backup process initiated
2025-07-14T19:55:35.338Z [DEBUG] [PID:4804] System health check passed
2025-07-14T19:55:37.339Z [DEBUG] [PID:9958] Memory usage: 65%
2025-07-14T19:55:39.340Z [DEBUG] [PID:9740] CPU usage: 23%
2025-07-14T19:55:41.341Z [DEBUG] [PID:7493] Network latency: 45ms
2025-07-14T19:55:43.341Z [DEBUG] [PID:4232] Request processed in 120ms
2025-07-14T19:55:45.342Z [DEBUG] [PID:4427] Cache miss for key: product_456
2025-07-14T19:55:47.344Z [WARN] [PID:4390] WARN: High memory usage detected
2025-07-14T19:55:49.345Z [ERROR] [PID:8615] ERROR: Database connection timeout
2025-07-14T19:55:51.346Z [WARN] [PID:1980] WARN: Slow query detected (2.5s)
2025-07-14T19:55:53.347Z [INFO] [PID:2185] INFO: Scheduled maintenance in 2 hours
2025-07-14T19:55:55.348Z [ERROR] [PID:1835] ERROR: Failed to process payment
2025-07-14T19:55:57.349Z [WARN] [PID:1674] WARN: Disk space running low
2025-07-14T19:55:59.350Z [INFO] [PID:10830] INFO: New user registration: john@example.com
2025-07-14T19:56:01.351Z [ERROR] [PID:4005] ERROR: Invalid API key provided
2025-07-14T19:56:03.352Z [WARN] [PID:9434] WARN: Rate limit exceeded for IP: 192.168.1.100
2025-07-14T19:56:05.353Z [INFO] [PID:6824] INFO: System updated to version 2.1.0
2025-07-14T19:56:07.354Z [INFO] [PID:10514] Application started successfully
2025-07-14T19:56:09.355Z [DEBUG] [PID:3114] Database connection established
2025-07-14T19:56:11.356Z [INFO] [PID:1702] User authentication successful
2025-07-14T19:56:13.357Z [DEBUG] [PID:8102] Processing incoming request
2025-07-14T19:56:15.358Z [DEBUG] [PID:6343] Cache hit for key: user_123
2025-07-14T19:56:17.359Z [DEBUG] [PID:8028] Processing payment transaction
2025-07-14T19:56:19.360Z [DEBUG] [PID:7001] Email notification sent
2025-07-14T19:56:21.361Z [DEBUG] [PID:2454] File upload completed
2025-07-14T19:56:23.362Z [DEBUG] [PID:2473] Background job scheduled
2025-07-14T19:56:25.364Z [DEBUG] [PID:3899] Database query executed
2025-07-14T19:56:27.365Z [INFO] [PID:3709] API response sent successfully
2025-07-14T19:56:29.366Z [DEBUG] [PID:1131] User session created
2025-07-14T19:56:31.367Z [DEBUG] [PID:10694] Configuration updated
2025-07-14T19:56:33.369Z [DEBUG] [PID:2016] Backup process initiated
2025-07-14T19:56:35.370Z [DEBUG] [PID:10108] System health check passed
2025-07-14T19:56:37.371Z [DEBUG] [PID:7950] Memory usage: 65%
2025-07-14T19:56:39.373Z [DEBUG] [PID:7235] CPU usage: 23%
2025-07-14T19:56:41.374Z [DEBUG] [PID:9199] Network latency: 45ms
2025-07-14T19:56:43.375Z [DEBUG] [PID:10132] Request processed in 120ms
2025-07-14T19:56:45.375Z [DEBUG] [PID:5349] Cache miss for key: product_456
2025-07-14T19:56:47.376Z [WARN] [PID:8700] WARN: High memory usage detected
2025-07-14T19:56:49.377Z [ERROR] [PID:5439] ERROR: Database connection timeout
2025-07-14T19:56:51.378Z [WARN] [PID:6225] WARN: Slow query detected (2.5s)
2025-07-14T19:56:53.379Z [INFO] [PID:3883] INFO: Scheduled maintenance in 2 hours
2025-07-14T19:56:55.381Z [ERROR] [PID:8199] ERROR: Failed to process payment
2025-07-14T19:56:57.382Z [WARN] [PID:10710] WARN: Disk space running low
2025-07-14T19:56:59.383Z [INFO] [PID:9833] INFO: New user registration: john@example.com
2025-07-14T19:57:01.385Z [ERROR] [PID:2402] ERROR: Invalid API key provided
2025-07-14T19:57:03.386Z [WARN] [PID:10930] WARN: Rate limit exceeded for IP: 192.168.1.100
2025-07-14T19:57:05.387Z [INFO] [PID:7272] INFO: System updated to version 2.1.0
2025-07-14T19:57:07.388Z [INFO] [PID:10184] Application started successfully
2025-07-14T19:57:09.389Z [DEBUG] [PID:7951] Database connection established
2025-07-14T19:57:11.390Z [INFO] [PID:9353] User authentication successful
2025-07-14T19:57:13.392Z [DEBUG] [PID:6563] Processing incoming request
2025-07-14T19:57:15.392Z [DEBUG] [PID:1907] Cache hit for key: user_123
2025-07-14T19:57:17.393Z [DEBUG] [PID:3435] Processing payment transaction
2025-07-14T19:57:19.394Z [DEBUG] [PID:7029] Email notification sent
2025-07-14T19:57:21.394Z [DEBUG] [PID:1476] File upload completed
2025-07-14T19:57:23.395Z [DEBUG] [PID:6801] Background job scheduled
2025-07-14T19:57:25.396Z [DEBUG] [PID:2439] Database query executed
2025-07-14T19:57:27.397Z [INFO] [PID:9865] API response sent successfully
2025-07-14T19:57:29.398Z [DEBUG] [PID:1919] User session created
2025-07-14T19:57:31.399Z [DEBUG] [PID:2566] Configuration updated
2025-07-14T19:57:33.400Z [DEBUG] [PID:2874] Backup process initiated
2025-07-14T19:57:35.401Z [DEBUG] [PID:8515] System health check passed
2025-07-14T19:57:37.402Z [DEBUG] [PID:2880] Memory usage: 65%
2025-07-14T19:57:39.403Z [DEBUG] [PID:9321] CPU usage: 23%
2025-07-14T19:57:41.404Z [DEBUG] [PID:9132] Network latency: 45ms
2025-07-14T19:57:43.405Z [DEBUG] [PID:3052] Request processed in 120ms
2025-07-14T19:57:45.406Z [DEBUG] [PID:4750] Cache miss for key: product_456
2025-07-14T19:57:47.407Z [WARN] [PID:7740] WARN: High memory usage detected
2025-07-14T19:57:49.408Z [ERROR] [PID:7137] ERROR: Database connection timeout
2025-07-14T19:57:51.409Z [WARN] [PID:3316] WARN: Slow query detected (2.5s)
2025-07-14T19:57:53.411Z [INFO] [PID:7550] INFO: Scheduled maintenance in 2 hours
2025-07-14T19:57:55.410Z [ERROR] [PID:8371] ERROR: Failed to process payment
2025-07-14T19:57:57.410Z [WARN] [PID:6902] WARN: Disk space running low
2025-07-14T19:57:59.411Z [INFO] [PID:8512] INFO: New user registration: john@example.com
2025-07-14T19:58:01.413Z [ERROR] [PID:1272] ERROR: Invalid API key provided
2025-07-14T19:58:03.415Z [WARN] [PID:6854] WARN: Rate limit exceeded for IP: 192.168.1.100
2025-07-14T19:58:05.416Z [INFO] [PID:1082] INFO: System updated to version 2.1.0
2025-07-14T19:58:07.418Z [INFO] [PID:2631] Application started successfully
2025-07-14T19:58:09.418Z [DEBUG] [PID:9140] Database connection established
2025-07-14T19:58:11.419Z [INFO] [PID:8482] User authentication successful
2025-07-14T19:58:13.420Z [DEBUG] [PID:5833] Processing incoming request
2025-07-14T19:58:15.421Z [DEBUG] [PID:10045] Cache hit for key: user_123
2025-07-14T19:58:17.422Z [DEBUG] [PID:2586] Processing payment transaction
2025-07-14T19:58:19.424Z [DEBUG] [PID:1825] Email notification sent
2025-07-14T19:58:21.425Z [DEBUG] [PID:6128] File upload completed
2025-07-14T19:58:23.426Z [DEBUG] [PID:2951] Background job scheduled
2025-07-14T19:58:25.427Z [DEBUG] [PID:2165] Database query executed
2025-07-14T19:58:27.428Z [INFO] [PID:4925] API response sent successfully
2025-07-14T19:58:29.429Z [DEBUG] [PID:9443] User session created
2025-07-14T19:58:31.430Z [DEBUG] [PID:2312] Configuration updated
2025-07-14T19:58:33.432Z [DEBUG] [PID:4481] Backup process initiated
2025-07-14T19:58:35.435Z [DEBUG] [PID:2475] System health check passed
2025-07-14T20:13:37.257Z [DEBUG] [PID:8347] Memory usage: 65%
2025-07-14T20:13:39.258Z [DEBUG] [PID:1011] CPU usage: 23%
2025-07-14T20:13:41.259Z [DEBUG] [PID:2246] Network latency: 45ms
2025-07-14T20:13:43.261Z [DEBUG] [PID:5381] Request processed in 120ms
2025-07-14T20:13:45.263Z [DEBUG] [PID:3466] Cache miss for key: product_456
2025-07-14T20:13:47.265Z [WARN] [PID:6700] WARN: High memory usage detected
2025-07-14T20:13:49.267Z [ERROR] [PID:7761] ERROR: Database connection timeout
2025-07-14T20:13:51.270Z [WARN] [PID:5046] WARN: Slow query detected (2.5s)
2025-07-14T20:13:53.270Z [INFO] [PID:7589] INFO: Scheduled maintenance in 2 hours
2025-07-14T20:13:55.272Z [ERROR] [PID:4933] ERROR: Failed to process payment
2025-07-14T20:13:57.273Z [WARN] [PID:4967] WARN: Disk space running low
2025-07-14T20:13:59.275Z [INFO] [PID:1487] INFO: New user registration: john@example.com
2025-07-14T20:14:01.276Z [ERROR] [PID:7985] ERROR: Invalid API key provided
2025-07-14T20:14:03.279Z [WARN] [PID:8346] WARN: Rate limit exceeded for IP: 192.168.1.100
2025-07-14T20:14:05.281Z [INFO] [PID:4901] INFO: System updated to version 2.1.0
2025-07-14T20:26:32.634Z [INFO] [PID:5560] Application started successfully
2025-07-14T20:26:34.636Z [DEBUG] [PID:9509] Database connection established
2025-07-14T20:26:36.637Z [INFO] [PID:8010] User authentication successful
2025-07-14T20:26:38.638Z [DEBUG] [PID:8167] Processing incoming request
2025-07-14T20:26:40.639Z [DEBUG] [PID:6432] Cache hit for key: user_123
2025-07-14T20:26:42.641Z [DEBUG] [PID:7798] Processing payment transaction
2025-07-14T20:26:44.641Z [DEBUG] [PID:10559] Email notification sent
2025-07-14T20:26:46.642Z [DEBUG] [PID:1417] File upload completed
2025-07-14T20:26:48.643Z [DEBUG] [PID:4041] Background job scheduled
2025-07-14T20:26:50.645Z [DEBUG] [PID:8202] Database query executed
2025-07-14T20:26:52.645Z [INFO] [PID:2303] API response sent successfully
2025-07-14T20:26:54.645Z [DEBUG] [PID:7590] User session created
2025-07-14T20:26:56.647Z [DEBUG] [PID:9968] Configuration updated
2025-07-14T20:26:58.648Z [DEBUG] [PID:4175] Backup process initiated
2025-07-14T20:27:00.649Z [DEBUG] [PID:6838] System health check passed
2025-07-14T20:27:02.649Z [DEBUG] [PID:9157] Memory usage: 65%
2025-07-14T20:27:04.651Z [DEBUG] [PID:7223] CPU usage: 23%
2025-07-14T20:27:06.652Z [DEBUG] [PID:3115] Network latency: 45ms
2025-07-14T20:27:08.652Z [DEBUG] [PID:3738] Request processed in 120ms
2025-07-14T20:27:10.654Z [DEBUG] [PID:10611] Cache miss for key: product_456
2025-07-14T20:27:12.654Z [WARN] [PID:1101] WARN: High memory usage detected
2025-07-14T20:27:14.656Z [ERROR] [PID:8147] ERROR: Database connection timeout
2025-07-14T20:27:16.657Z [WARN] [PID:6615] WARN: Slow query detected (2.5s)
2025-07-14T20:27:18.658Z [INFO] [PID:5848] INFO: Scheduled maintenance in 2 hours
2025-07-14T20:27:20.659Z [ERROR] [PID:2595] ERROR: Failed to process payment
2025-07-14T20:27:22.660Z [WARN] [PID:4056] WARN: Disk space running low
2025-07-14T20:27:24.660Z [INFO] [PID:4260] INFO: New user registration: john@example.com
2025-07-14T20:27:26.662Z [ERROR] [PID:8803] ERROR: Invalid API key provided
2025-07-14T20:27:28.662Z [WARN] [PID:8620] WARN: Rate limit exceeded for IP: 192.168.1.100
2025-07-14T20:27:30.662Z [INFO] [PID:2298] INFO: System updated to version 2.1.0
2025-07-14T20:27:32.663Z [INFO] [PID:8354] Application started successfully
2025-07-14T20:27:34.664Z [DEBUG] [PID:1514] Database connection established
2025-07-14T20:27:36.665Z [INFO] [PID:2954] User authentication successful
2025-07-14T20:27:38.666Z [DEBUG] [PID:5673] Processing incoming request
2025-07-14T20:27:40.668Z [DEBUG] [PID:2967] Cache hit for key: user_123
2025-07-14T20:27:42.668Z [DEBUG] [PID:5174] Processing payment transaction
2025-07-14T20:27:44.670Z [DEBUG] [PID:4696] Email notification sent
2025-07-14T20:27:46.670Z [DEBUG] [PID:9890] File upload completed
2025-07-14T20:27:48.672Z [DEBUG] [PID:7625] Background job scheduled
2025-07-14T20:27:50.673Z [DEBUG] [PID:10427] Database query executed
2025-07-14T20:27:52.674Z [INFO] [PID:4353] API response sent successfully
2025-07-14T20:29:33.512Z [INFO] [PID:1234] System startup initiated
2025-07-14T20:29:33.513Z [INFO] [PID:1234] Loading configuration files
2025-07-14T20:29:33.513Z [INFO] [PID:1234] Initializing database connections
2025-07-14T20:29:33.513Z [INFO] [PID:1234] Starting web server on port 8080
2025-07-14T20:29:33.513Z [INFO] [PID:1234] Application ready to serve requests
2025-07-14T20:29:33.518Z [INFO] [PID:6007] Application started successfully
2025-07-14T20:29:35.519Z [DEBUG] [PID:4169] Database connection established
2025-07-14T20:29:37.520Z [INFO] [PID:7442] User authentication successful
2025-07-14T20:29:39.520Z [DEBUG] [PID:5146] Processing incoming request
2025-07-14T20:29:41.521Z [DEBUG] [PID:1663] Cache hit for key: user_123
2025-07-14T20:29:43.523Z [DEBUG] [PID:4887] Processing payment transaction
2025-07-14T20:29:45.524Z [DEBUG] [PID:2280] Email notification sent
2025-07-14T20:29:47.525Z [DEBUG] [PID:5961] File upload completed
2025-07-14T20:29:49.526Z [DEBUG] [PID:10478] Background job scheduled
2025-07-14T20:29:51.527Z [DEBUG] [PID:4543] Database query executed
2025-07-14T20:29:53.529Z [INFO] [PID:4895] API response sent successfully
2025-07-14T20:29:55.530Z [DEBUG] [PID:10252] User session created
2025-07-14T20:29:57.531Z [DEBUG] [PID:9087] Configuration updated
2025-07-14T20:29:59.532Z [DEBUG] [PID:4178] Backup process initiated
2025-07-14T20:30:01.534Z [DEBUG] [PID:5837] System health check passed
2025-07-14T20:30:03.535Z [DEBUG] [PID:7178] Memory usage: 65%
2025-07-14T20:30:05.536Z [DEBUG] [PID:2998] CPU usage: 23%
2025-07-14T20:30:07.536Z [DEBUG] [PID:6036] Network latency: 45ms
2025-07-14T20:30:09.537Z [DEBUG] [PID:6503] Request processed in 120ms
2025-07-14T20:30:11.538Z [DEBUG] [PID:6043] Cache miss for key: product_456
2025-07-14T20:30:13.539Z [WARN] [PID:6760] WARN: High memory usage detected
2025-07-14T20:30:15.540Z [ERROR] [PID:7764] ERROR: Database connection timeout
2025-07-14T20:30:17.541Z [WARN] [PID:7263] WARN: Slow query detected (2.5s)
2025-07-14T20:30:19.542Z [INFO] [PID:1343] INFO: Scheduled maintenance in 2 hours
2025-07-14T20:30:21.543Z [ERROR] [PID:3429] ERROR: Failed to process payment
2025-07-14T20:30:23.544Z [WARN] [PID:1798] WARN: Disk space running low
2025-07-14T20:30:25.545Z [INFO] [PID:3149] INFO: New user registration: john@example.com
2025-07-14T20:30:27.545Z [ERROR] [PID:5517] ERROR: Invalid API key provided
2025-07-14T20:30:29.546Z [WARN] [PID:4353] WARN: Rate limit exceeded for IP: 192.168.1.100
2025-07-14T20:30:31.548Z [INFO] [PID:1717] INFO: System updated to version 2.1.0
2025-07-14T20:30:33.549Z [INFO] [PID:6835] Application started successfully
2025-07-14T20:30:35.550Z [DEBUG] [PID:10285] Database connection established
2025-07-14T20:30:37.552Z [INFO] [PID:3000] User authentication successful
2025-07-14T20:30:39.553Z [DEBUG] [PID:6181] Processing incoming request
2025-07-14T20:30:41.554Z [DEBUG] [PID:7295] Cache hit for key: user_123
2025-07-14T20:30:43.555Z [DEBUG] [PID:4468] Processing payment transaction
2025-07-14T20:30:45.557Z [DEBUG] [PID:9774] Email notification sent
2025-07-14T20:30:47.558Z [DEBUG] [PID:4956] File upload completed
2025-07-14T20:30:49.559Z [DEBUG] [PID:3747] Background job scheduled
2025-07-14T20:30:51.560Z [DEBUG] [PID:1478] Database query executed
2025-07-14T20:30:53.561Z [INFO] [PID:5580] API response sent successfully
2025-07-14T20:30:55.563Z [DEBUG] [PID:2815] User session created
2025-07-14T20:30:57.564Z [DEBUG] [PID:2983] Configuration updated
2025-07-14T20:30:59.566Z [DEBUG] [PID:9395] Backup process initiated
2025-07-14T20:31:01.566Z [DEBUG] [PID:6639] System health check passed
2025-07-14T20:31:03.568Z [DEBUG] [PID:6837] Memory usage: 65%
2025-07-14T20:31:05.569Z [DEBUG] [PID:10435] CPU usage: 23%
2025-07-14T20:31:07.571Z [DEBUG] [PID:9070] Network latency: 45ms
2025-07-14T20:31:09.571Z [DEBUG] [PID:10925] Request processed in 120ms
2025-07-14T20:31:11.572Z [DEBUG] [PID:6256] Cache miss for key: product_456
2025-07-14T20:31:13.574Z [WARN] [PID:1349] WARN: High memory usage detected
2025-07-14T20:31:15.575Z [ERROR] [PID:10892] ERROR: Database connection timeout
2025-07-14T20:31:17.576Z [WARN] [PID:8480] WARN: Slow query detected (2.5s)
2025-07-14T20:31:19.578Z [INFO] [PID:7804] INFO: Scheduled maintenance in 2 hours
2025-07-14T20:31:21.578Z [ERROR] [PID:1255] ERROR: Failed to process payment
2025-07-14T20:31:23.580Z [WARN] [PID:8517] WARN: Disk space running low
2025-07-14T20:31:25.581Z [INFO] [PID:8614] INFO: New user registration: john@example.com
2025-07-14T20:31:27.582Z [ERROR] [PID:1434] ERROR: Invalid API key provided
2025-07-14T20:31:29.583Z [WARN] [PID:9713] WARN: Rate limit exceeded for IP: 192.168.1.100
2025-07-14T20:31:31.584Z [INFO] [PID:3896] INFO: System updated to version 2.1.0
2025-07-14T20:31:33.585Z [INFO] [PID:4862] Application started successfully
2025-07-14T20:31:35.587Z [DEBUG] [PID:6413] Database connection established
2025-07-14T20:31:37.589Z [INFO] [PID:3922] User authentication successful
2025-07-14T20:31:39.589Z [DEBUG] [PID:8102] Processing incoming request
2025-07-14T20:31:41.590Z [DEBUG] [PID:1796] Cache hit for key: user_123
2025-07-14T20:31:43.592Z [DEBUG] [PID:8313] Processing payment transaction
2025-07-14T20:31:45.592Z [DEBUG] [PID:2594] Email notification sent
2025-07-14T20:31:47.594Z [DEBUG] [PID:4976] File upload completed
2025-07-14T20:31:49.594Z [DEBUG] [PID:1218] Background job scheduled
2025-07-14T20:31:51.596Z [DEBUG] [PID:3994] Database query executed
2025-07-14T20:31:53.596Z [INFO] [PID:5129] API response sent successfully
2025-07-14T20:31:55.598Z [DEBUG] [PID:8809] User session created
2025-07-14T20:31:57.598Z [DEBUG] [PID:8427] Configuration updated
2025-07-14T20:31:59.599Z [DEBUG] [PID:8775] Backup process initiated
2025-07-14T20:32:01.600Z [DEBUG] [PID:8316] System health check passed
2025-07-14T20:32:03.602Z [DEBUG] [PID:3474] Memory usage: 65%
2025-07-14T20:32:05.604Z [DEBUG] [PID:2761] CPU usage: 23%
2025-07-14T20:32:07.604Z [DEBUG] [PID:7228] Network latency: 45ms
2025-07-14T20:32:09.605Z [DEBUG] [PID:1024] Request processed in 120ms
2025-07-14T20:32:11.606Z [DEBUG] [PID:4880] Cache miss for key: product_456
2025-07-14T20:32:13.607Z [WARN] [PID:2026] WARN: High memory usage detected
2025-07-14T20:32:15.609Z [ERROR] [PID:8811] ERROR: Database connection timeout
2025-07-14T20:32:17.610Z [WARN] [PID:1947] WARN: Slow query detected (2.5s)
2025-07-14T20:32:19.611Z [INFO] [PID:8046] INFO: Scheduled maintenance in 2 hours
2025-07-14T20:32:21.613Z [ERROR] [PID:10087] ERROR: Failed to process payment
2025-07-14T20:32:23.613Z [WARN] [PID:5534] WARN: Disk space running low
2025-07-14T20:32:25.615Z [INFO] [PID:1078] INFO: New user registration: john@example.com
2025-07-14T20:32:27.615Z [ERROR] [PID:7131] ERROR: Invalid API key provided
2025-07-14T20:32:29.617Z [WARN] [PID:6208] WARN: Rate limit exceeded for IP: 192.168.1.100
2025-07-14T20:32:31.616Z [INFO] [PID:7854] INFO: System updated to version 2.1.0
2025-07-14T20:32:33.618Z [INFO] [PID:1402] Application started successfully
2025-07-14T20:32:35.618Z [DEBUG] [PID:6849] Database connection established
2025-07-14T20:32:37.619Z [INFO] [PID:2015] User authentication successful
2025-07-14T20:32:39.621Z [DEBUG] [PID:1140] Processing incoming request
2025-07-14T20:32:41.621Z [DEBUG] [PID:8676] Cache hit for key: user_123
2025-07-14T20:32:43.622Z [DEBUG] [PID:1643] Processing payment transaction
2025-07-14T20:32:45.623Z [DEBUG] [PID:7777] Email notification sent
2025-07-14T20:32:47.625Z [DEBUG] [PID:8151] File upload completed
2025-07-14T20:32:49.626Z [DEBUG] [PID:2688] Background job scheduled
2025-07-14T20:32:51.626Z [DEBUG] [PID:2497] Database query executed
2025-07-14T20:32:53.627Z [INFO] [PID:2597] API response sent successfully
2025-07-14T20:32:55.629Z [DEBUG] [PID:7201] User session created
2025-07-14T20:32:57.630Z [DEBUG] [PID:1333] Configuration updated
2025-07-14T20:32:59.632Z [DEBUG] [PID:6126] Backup process initiated
2025-07-14T20:33:01.633Z [DEBUG] [PID:3482] System health check passed
2025-07-14T20:33:03.635Z [DEBUG] [PID:6824] Memory usage: 65%
2025-07-14T20:33:05.634Z [DEBUG] [PID:3816] CPU usage: 23%
2025-07-14T20:33:07.635Z [DEBUG] [PID:8700] Network latency: 45ms
2025-07-14T20:33:09.637Z [DEBUG] [PID:3509] Request processed in 120ms
2025-07-14T20:33:11.638Z [DEBUG] [PID:5701] Cache miss for key: product_456
2025-07-14T20:33:13.638Z [WARN] [PID:2815] WARN: High memory usage detected
2025-07-14T20:33:15.639Z [ERROR] [PID:3362] ERROR: Database connection timeout
2025-07-14T20:33:17.639Z [WARN] [PID:9305] WARN: Slow query detected (2.5s)
2025-07-14T20:33:19.641Z [INFO] [PID:2929] INFO: Scheduled maintenance in 2 hours
2025-07-14T20:33:21.641Z [ERROR] [PID:10532] ERROR: Failed to process payment
2025-07-14T20:33:23.643Z [WARN] [PID:10575] WARN: Disk space running low
2025-07-14T20:33:25.643Z [INFO] [PID:6693] INFO: New user registration: john@example.com
2025-07-14T20:33:27.645Z [ERROR] [PID:2575] ERROR: Invalid API key provided
2025-07-14T20:33:29.645Z [WARN] [PID:1733] WARN: Rate limit exceeded for IP: 192.168.1.100
2025-07-14T20:33:31.647Z [INFO] [PID:1609] INFO: System updated to version 2.1.0
2025-07-14T20:33:33.648Z [INFO] [PID:5087] Application started successfully
2025-07-14T20:33:35.649Z [DEBUG] [PID:4884] Database connection established
2025-07-14T20:33:37.651Z [INFO] [PID:9207] User authentication successful
2025-07-14T20:33:39.653Z [DEBUG] [PID:6754] Processing incoming request
2025-07-14T20:33:41.653Z [DEBUG] [PID:1251] Cache hit for key: user_123
2025-07-14T20:33:43.654Z [DEBUG] [PID:4240] Processing payment transaction
2025-07-14T20:33:45.656Z [DEBUG] [PID:7362] Email notification sent
2025-07-14T20:33:47.657Z [DEBUG] [PID:3825] File upload completed
2025-07-14T20:33:49.658Z [DEBUG] [PID:3664] Background job scheduled
2025-07-14T20:33:51.660Z [DEBUG] [PID:1276] Database query executed
2025-07-14T20:33:53.661Z [INFO] [PID:6169] API response sent successfully
2025-07-14T20:33:55.661Z [DEBUG] [PID:8349] User session created
2025-07-14T20:33:57.661Z [DEBUG] [PID:9931] Configuration updated
2025-07-14T20:33:59.662Z [DEBUG] [PID:5205] Backup process initiated
2025-07-14T20:34:01.663Z [DEBUG] [PID:4586] System health check passed
2025-07-14T20:34:03.663Z [DEBUG] [PID:10702] Memory usage: 65%
2025-07-14T20:34:05.665Z [DEBUG] [PID:8172] CPU usage: 23%
2025-07-14T20:34:07.666Z [DEBUG] [PID:4293] Network latency: 45ms
2025-07-14T20:34:09.667Z [DEBUG] [PID:6530] Request processed in 120ms
2025-07-14T20:34:11.667Z [DEBUG] [PID:6352] Cache miss for key: product_456
2025-07-14T20:34:13.669Z [WARN] [PID:2814] WARN: High memory usage detected
2025-07-14T20:34:15.670Z [ERROR] [PID:1532] ERROR: Database connection timeout
2025-07-14T20:34:17.671Z [WARN] [PID:10741] WARN: Slow query detected (2.5s)
2025-07-14T20:34:19.672Z [INFO] [PID:10350] INFO: Scheduled maintenance in 2 hours
2025-07-14T20:34:21.674Z [ERROR] [PID:2875] ERROR: Failed to process payment
2025-07-14T20:34:23.675Z [WARN] [PID:10317] WARN: Disk space running low
2025-07-14T20:34:25.676Z [INFO] [PID:7626] INFO: New user registration: john@example.com
2025-07-14T20:34:27.677Z [ERROR] [PID:1515] ERROR: Invalid API key provided
2025-07-14T20:34:29.678Z [WARN] [PID:1273] WARN: Rate limit exceeded for IP: 192.168.1.100
2025-07-14T20:34:31.679Z [INFO] [PID:1976] INFO: System updated to version 2.1.0
2025-07-14T20:34:33.680Z [INFO] [PID:10534] Application started successfully
2025-07-14T20:34:35.681Z [DEBUG] [PID:9338] Database connection established
2025-07-14T20:34:37.681Z [INFO] [PID:5516] User authentication successful
2025-07-14T20:34:39.683Z [DEBUG] [PID:8936] Processing incoming request
2025-07-14T20:34:41.685Z [DEBUG] [PID:5450] Cache hit for key: user_123
2025-07-14T20:34:43.686Z [DEBUG] [PID:7604] Processing payment transaction
2025-07-14T20:34:45.687Z [DEBUG] [PID:5720] Email notification sent
2025-07-14T20:34:47.687Z [DEBUG] [PID:9393] File upload completed
2025-07-14T20:34:49.688Z [DEBUG] [PID:8549] Background job scheduled
2025-07-14T20:34:51.689Z [DEBUG] [PID:9625] Database query executed
2025-07-14T20:34:53.690Z [INFO] [PID:6809] API response sent successfully
2025-07-14T20:34:55.691Z [DEBUG] [PID:7239] User session created
2025-07-14T20:34:57.692Z [DEBUG] [PID:7218] Configuration updated
2025-07-14T20:34:59.693Z [DEBUG] [PID:3001] Backup process initiated
2025-07-14T20:35:01.694Z [DEBUG] [PID:7105] System health check passed
2025-07-14T20:35:03.695Z [DEBUG] [PID:3878] Memory usage: 65%
2025-07-14T20:35:05.695Z [DEBUG] [PID:3577] CPU usage: 23%
2025-07-14T20:35:07.695Z [DEBUG] [PID:4568] Network latency: 45ms
2025-07-14T20:35:09.697Z [DEBUG] [PID:7882] Request processed in 120ms
2025-07-14T20:35:11.698Z [DEBUG] [PID:7842] Cache miss for key: product_456
2025-07-14T20:35:13.699Z [WARN] [PID:7663] WARN: High memory usage detected
2025-07-14T20:35:15.700Z [ERROR] [PID:5934] ERROR: Database connection timeout
2025-07-14T20:35:17.701Z [WARN] [PID:8463] WARN: Slow query detected (2.5s)
2025-07-14T20:35:19.702Z [INFO] [PID:1677] INFO: Scheduled maintenance in 2 hours
2025-07-14T20:35:21.703Z [ERROR] [PID:4473] ERROR: Failed to process payment
2025-07-14T20:35:23.704Z [WARN] [PID:10713] WARN: Disk space running low
2025-07-14T20:35:25.705Z [INFO] [PID:7979] INFO: New user registration: john@example.com
2025-07-14T20:35:27.706Z [ERROR] [PID:5385] ERROR: Invalid API key provided
2025-07-14T20:35:29.707Z [WARN] [PID:8931] WARN: Rate limit exceeded for IP: 192.168.1.100
2025-07-14T20:35:31.708Z [INFO] [PID:6890] INFO: System updated to version 2.1.0
2025-07-14T20:35:33.709Z [INFO] [PID:9466] Application started successfully
2025-07-14T20:35:35.710Z [DEBUG] [PID:6417] Database connection established
2025-07-14T20:35:37.711Z [INFO] [PID:3497] User authentication successful
2025-07-14T20:35:39.712Z [DEBUG] [PID:2728] Processing incoming request
2025-07-14T20:35:41.713Z [DEBUG] [PID:4864] Cache hit for key: user_123
2025-07-14T20:35:43.714Z [DEBUG] [PID:6369] Processing payment transaction
2025-07-14T20:35:45.716Z [DEBUG] [PID:2770] Email notification sent
2025-07-14T20:35:47.717Z [DEBUG] [PID:2115] File upload completed
2025-07-14T20:35:49.719Z [DEBUG] [PID:8052] Background job scheduled
2025-07-14T20:35:51.720Z [DEBUG] [PID:10758] Database query executed
2025-07-14T20:35:53.721Z [INFO] [PID:8240] API response sent successfully
2025-07-14T20:35:55.722Z [DEBUG] [PID:10327] User session created
2025-07-14T20:35:57.723Z [DEBUG] [PID:7514] Configuration updated
2025-07-14T20:35:59.725Z [DEBUG] [PID:1347] Backup process initiated
2025-07-14T20:36:01.726Z [DEBUG] [PID:7467] System health check passed
2025-07-14T20:36:03.727Z [DEBUG] [PID:3757] Memory usage: 65%
2025-07-14T20:36:05.732Z [DEBUG] [PID:5674] CPU usage: 23%
2025-07-14T20:38:52.492Z [DEBUG] [PID:8772] Network latency: 45ms
2025-07-14T20:38:54.493Z [DEBUG] [PID:5093] Request processed in 120ms
2025-07-14T20:38:56.493Z [DEBUG] [PID:9645] Cache miss for key: product_456
2025-07-14T20:38:58.494Z [WARN] [PID:9569] WARN: High memory usage detected
2025-07-14T20:39:00.496Z [ERROR] [PID:10833] ERROR: Database connection timeout
2025-07-14T20:39:02.495Z [WARN] [PID:8408] WARN: Slow query detected (2.5s)
2025-07-14T20:39:04.496Z [INFO] [PID:4737] INFO: Scheduled maintenance in 2 hours
2025-07-14T20:39:06.498Z [ERROR] [PID:3055] ERROR: Failed to process payment
2025-07-14T20:39:08.498Z [WARN] [PID:10402] WARN: Disk space running low
2025-07-14T20:39:10.500Z [INFO] [PID:3765] INFO: New user registration: john@example.com
2025-07-14T20:39:12.499Z [ERROR] [PID:4183] ERROR: Invalid API key provided
2025-07-14T20:39:14.501Z [WARN] [PID:5406] WARN: Rate limit exceeded for IP: 192.168.1.100
2025-07-14T20:39:16.502Z [INFO] [PID:10593] INFO: System updated to version 2.1.0
2025-07-14T20:39:18.503Z [INFO] [PID:3534] Application started successfully
2025-07-14T20:39:20.504Z [DEBUG] [PID:7442] Database connection established
2025-07-14T20:39:22.505Z [INFO] [PID:2601] User authentication successful
2025-07-14T20:39:24.507Z [DEBUG] [PID:2912] Processing incoming request
2025-07-14T20:39:26.508Z [DEBUG] [PID:6014] Cache hit for key: user_123
2025-07-14T20:39:28.509Z [DEBUG] [PID:8512] Processing payment transaction
2025-07-14T20:39:30.510Z [DEBUG] [PID:2443] Email notification sent
2025-07-14T20:39:32.511Z [DEBUG] [PID:9597] File upload completed
2025-07-14T20:39:34.512Z [DEBUG] [PID:7037] Background job scheduled
2025-07-14T20:39:36.513Z [DEBUG] [PID:10391] Database query executed
2025-07-14T20:39:38.514Z [INFO] [PID:2567] API response sent successfully
2025-07-14T20:39:40.515Z [DEBUG] [PID:1643] User session created
2025-07-14T20:39:42.516Z [DEBUG] [PID:4371] Configuration updated
2025-07-14T20:39:44.517Z [DEBUG] [PID:4608] Backup process initiated
2025-07-14T20:39:46.518Z [DEBUG] [PID:4120] System health check passed
2025-07-14T20:39:48.519Z [DEBUG] [PID:8132] Memory usage: 65%
2025-07-14T20:39:50.520Z [DEBUG] [PID:4802] CPU usage: 23%
2025-07-14T20:39:52.521Z [DEBUG] [PID:2761] Network latency: 45ms
2025-07-14T20:39:54.521Z [DEBUG] [PID:4804] Request processed in 120ms
2025-07-14T20:39:56.522Z [DEBUG] [PID:9261] Cache miss for key: product_456
2025-07-14T20:39:58.523Z [WARN] [PID:8096] WARN: High memory usage detected
2025-07-14T20:40:00.524Z [ERROR] [PID:10896] ERROR: Database connection timeout
2025-07-14T20:40:02.525Z [WARN] [PID:8263] WARN: Slow query detected (2.5s)
2025-07-14T20:40:04.526Z [INFO] [PID:8627] INFO: Scheduled maintenance in 2 hours
2025-07-14T20:40:06.527Z [ERROR] [PID:3576] ERROR: Failed to process payment
2025-07-14T20:40:08.528Z [WARN] [PID:2011] WARN: Disk space running low
2025-07-14T20:40:10.529Z [INFO] [PID:2260] INFO: New user registration: john@example.com
2025-07-14T20:40:12.530Z [ERROR] [PID:5942] ERROR: Invalid API key provided
2025-07-14T20:40:14.532Z [WARN] [PID:1786] WARN: Rate limit exceeded for IP: 192.168.1.100
2025-07-14T20:40:16.533Z [INFO] [PID:9974] INFO: System updated to version 2.1.0
2025-07-14T20:40:18.534Z [INFO] [PID:9161] Application started successfully
2025-07-14T20:40:20.535Z [DEBUG] [PID:1134] Database connection established
2025-07-14T20:40:22.536Z [INFO] [PID:5634] User authentication successful
2025-07-14T20:40:24.538Z [DEBUG] [PID:6957] Processing incoming request
2025-07-14T20:40:26.539Z [DEBUG] [PID:5847] Cache hit for key: user_123
2025-07-14T20:40:28.540Z [DEBUG] [PID:3320] Processing payment transaction
2025-07-14T20:40:30.541Z [DEBUG] [PID:10158] Email notification sent
2025-07-14T20:40:32.542Z [DEBUG] [PID:10400] File upload completed
2025-07-14T20:40:34.544Z [DEBUG] [PID:2976] Background job scheduled
2025-07-14T20:40:36.545Z [DEBUG] [PID:9363] Database query executed
2025-07-14T20:40:38.546Z [INFO] [PID:4810] API response sent successfully
2025-07-14T20:40:40.547Z [DEBUG] [PID:9375] User session created
2025-07-14T20:40:42.549Z [DEBUG] [PID:4468] Configuration updated
2025-07-14T20:40:44.550Z [DEBUG] [PID:3285] Backup process initiated
2025-07-14T20:40:46.551Z [DEBUG] [PID:3143] System health check passed
2025-07-14T20:40:48.553Z [DEBUG] [PID:7410] Memory usage: 65%
2025-07-14T20:40:50.554Z [DEBUG] [PID:7413] CPU usage: 23%
2025-07-14T20:40:52.555Z [DEBUG] [PID:3986] Network latency: 45ms
2025-07-14T20:40:54.557Z [DEBUG] [PID:6541] Request processed in 120ms
2025-07-14T20:40:56.557Z [DEBUG] [PID:5418] Cache miss for key: product_456
2025-07-14T20:40:58.558Z [WARN] [PID:4047] WARN: High memory usage detected
2025-07-14T20:41:00.559Z [ERROR] [PID:4399] ERROR: Database connection timeout
2025-07-14T20:41:02.560Z [WARN] [PID:2902] WARN: Slow query detected (2.5s)
2025-07-14T20:41:04.561Z [INFO] [PID:9403] INFO: Scheduled maintenance in 2 hours
2025-07-14T20:41:06.562Z [ERROR] [PID:6891] ERROR: Failed to process payment
2025-07-14T20:41:08.564Z [WARN] [PID:5957] WARN: Disk space running low
2025-07-14T20:41:10.564Z [INFO] [PID:2105] INFO: New user registration: john@example.com
2025-07-14T20:41:12.565Z [ERROR] [PID:6980] ERROR: Invalid API key provided
2025-07-14T20:41:14.567Z [WARN] [PID:8577] WARN: Rate limit exceeded for IP: 192.168.1.100
2025-07-14T20:41:16.567Z [INFO] [PID:10760] INFO: System updated to version 2.1.0
2025-07-14T20:41:18.568Z [INFO] [PID:8948] Application started successfully
2025-07-14T20:41:20.569Z [DEBUG] [PID:3940] Database connection established
2025-07-14T20:41:22.570Z [INFO] [PID:8186] User authentication successful
2025-07-14T20:41:24.571Z [DEBUG] [PID:8505] Processing incoming request
2025-07-14T20:41:26.572Z [DEBUG] [PID:8595] Cache hit for key: user_123
2025-07-14T20:41:28.573Z [DEBUG] [PID:4205] Processing payment transaction
2025-07-14T20:41:30.574Z [DEBUG] [PID:4269] Email notification sent
2025-07-14T20:41:32.575Z [DEBUG] [PID:10684] File upload completed
2025-07-14T20:41:34.575Z [DEBUG] [PID:4684] Background job scheduled
2025-07-14T20:41:36.576Z [DEBUG] [PID:5560] Database query executed
2025-07-14T20:41:38.578Z [INFO] [PID:8250] API response sent successfully
2025-07-14T20:41:40.578Z [DEBUG] [PID:8995] User session created
2025-07-14T20:41:42.580Z [DEBUG] [PID:10303] Configuration updated
2025-07-14T20:41:44.580Z [DEBUG] [PID:2730] Backup process initiated
2025-07-14T20:41:46.581Z [DEBUG] [PID:1183] System health check passed
